[28May2025 20:11:42.879] [main/WARN] [net.minecraft.SystemReport/]: Failed retrieving info for group processor
java.lang.AbstractMethodError: Receiver class com.sun.jna.platform.win32.WinNT$OSVERSIONINFOEX does not define or inherit an implementation of the resolved method 'abstract java.util.List getFieldOrder()' of abstract class com.sun.jna.Structure.
	at com.sun.jna.Structure.fieldOrder(Structure.java:952) ~[discord-rpc-1.6.2.jar:?]
	at com.sun.jna.Structure.getFields(Structure.java:1006) ~[discord-rpc-1.6.2.jar:?]
	at com.sun.jna.Structure.deriveLayout(Structure.java:1172) ~[discord-rpc-1.6.2.jar:?]
	at com.sun.jna.Structure.calculateSize(Structure.java:1097) ~[discord-rpc-1.6.2.jar:?]
	at com.sun.jna.Structure.calculateSize(Structure.java:1049) ~[discord-rpc-1.6.2.jar:?]
	at com.sun.jna.Structure.allocateMemory(Structure.java:403) ~[discord-rpc-1.6.2.jar:?]
	at com.sun.jna.Structure.<init>(Structure.java:194) ~[discord-rpc-1.6.2.jar:?]
	at com.sun.jna.Structure.<init>(Structure.java:182) ~[discord-rpc-1.6.2.jar:?]
	at com.sun.jna.Structure.<init>(Structure.java:169) ~[discord-rpc-1.6.2.jar:?]
	at com.sun.jna.Structure.<init>(Structure.java:161) ~[discord-rpc-1.6.2.jar:?]
	at com.sun.jna.platform.win32.WinNT$OSVERSIONINFOEX.<init>(WinNT.java:1980) ~[jna-platform-5.12.1.jar:5.12.1 (b0)]
	at com.sun.jna.platform.win32.VersionHelpers.IsWindowsVersionOrGreater(VersionHelpers.java:59) ~[jna-platform-5.12.1.jar:5.12.1 (b0)]
	at com.sun.jna.platform.win32.VersionHelpers.IsWindows8OrGreater(VersionHelpers.java:170) ~[jna-platform-5.12.1.jar:5.12.1 (b0)]
	at oshi.hardware.platform.windows.WindowsCentralProcessor.<clinit>(WindowsCentralProcessor.java:88) ~[oshi-core-6.2.2.jar:6.2.2]
	at oshi.hardware.platform.windows.WindowsHardwareAbstractionLayer.createProcessor(WindowsHardwareAbstractionLayer.java:61) ~[oshi-core-6.2.2.jar:6.2.2]
	at oshi.util.Memoizer$1.get(Memoizer.java:87) ~[oshi-core-6.2.2.jar:6.2.2]
	at oshi.hardware.common.AbstractHardwareAbstractionLayer.getProcessor(AbstractHardwareAbstractionLayer.java:68) ~[oshi-core-6.2.2.jar:6.2.2]
	at net.minecraft.SystemReport.lambda$putHardware$4(SystemReport.java:73) ~[main/:?]
	at net.minecraft.SystemReport.ignoreErrors(SystemReport.java:85) ~[main/:?]
	at net.minecraft.SystemReport.putHardware(SystemReport.java:72) ~[main/:?]
	at net.minecraft.SystemReport.lambda$new$2(SystemReport.java:48) ~[main/:?]
	at net.minecraft.SystemReport.ignoreErrors(SystemReport.java:85) ~[main/:?]
	at net.minecraft.SystemReport.<init>(SystemReport.java:47) ~[main/:?]
	at net.minecraft.CrashReport.<init>(CrashReport.java:31) ~[main/:?]
	at net.minecraft.CrashReport.preload(CrashReport.java:230) ~[main/:?]
	at net.minecraft.client.main.Main.main(Main.java:149) ~[main/:?]
[28May2025 20:11:42.893] [main/WARN] [net.minecraft.SystemReport/]: Failed retrieving info for group graphics
java.lang.AbstractMethodError: Receiver class com.sun.jna.platform.win32.WinNT$OSVERSIONINFOEX does not define or inherit an implementation of the resolved method 'abstract java.util.List getFieldOrder()' of abstract class com.sun.jna.Structure.
	at com.sun.jna.Structure.fieldOrder(Structure.java:952) ~[discord-rpc-1.6.2.jar:?]
	at com.sun.jna.Structure.getFields(Structure.java:1006) ~[discord-rpc-1.6.2.jar:?]
	at com.sun.jna.Structure.deriveLayout(Structure.java:1172) ~[discord-rpc-1.6.2.jar:?]
	at com.sun.jna.Structure.calculateSize(Structure.java:1097) ~[discord-rpc-1.6.2.jar:?]
	at com.sun.jna.Structure.calculateSize(Structure.java:1049) ~[discord-rpc-1.6.2.jar:?]
	at com.sun.jna.Structure.allocateMemory(Structure.java:403) ~[discord-rpc-1.6.2.jar:?]
	at com.sun.jna.Structure.<init>(Structure.java:194) ~[discord-rpc-1.6.2.jar:?]
	at com.sun.jna.Structure.<init>(Structure.java:182) ~[discord-rpc-1.6.2.jar:?]
	at com.sun.jna.Structure.<init>(Structure.java:169) ~[discord-rpc-1.6.2.jar:?]
	at com.sun.jna.Structure.<init>(Structure.java:161) ~[discord-rpc-1.6.2.jar:?]
	at com.sun.jna.platform.win32.WinNT$OSVERSIONINFOEX.<init>(WinNT.java:1980) ~[jna-platform-5.12.1.jar:5.12.1 (b0)]
	at com.sun.jna.platform.win32.VersionHelpers.IsWindowsVersionOrGreater(VersionHelpers.java:59) ~[jna-platform-5.12.1.jar:5.12.1 (b0)]
	at com.sun.jna.platform.win32.VersionHelpers.IsWindowsVistaOrGreater(VersionHelpers.java:127) ~[jna-platform-5.12.1.jar:5.12.1 (b0)]
	at oshi.hardware.platform.windows.WindowsGraphicsCard.<clinit>(WindowsGraphicsCard.java:49) ~[oshi-core-6.2.2.jar:6.2.2]
	at oshi.hardware.platform.windows.WindowsHardwareAbstractionLayer.getGraphicsCards(WindowsHardwareAbstractionLayer.java:106) ~[oshi-core-6.2.2.jar:6.2.2]
	at net.minecraft.SystemReport.lambda$putHardware$5(SystemReport.java:76) ~[main/:?]
	at net.minecraft.SystemReport.ignoreErrors(SystemReport.java:85) ~[main/:?]
	at net.minecraft.SystemReport.putHardware(SystemReport.java:75) ~[main/:?]
	at net.minecraft.SystemReport.lambda$new$2(SystemReport.java:48) ~[main/:?]
	at net.minecraft.SystemReport.ignoreErrors(SystemReport.java:85) ~[main/:?]
	at net.minecraft.SystemReport.<init>(SystemReport.java:47) ~[main/:?]
	at net.minecraft.CrashReport.<init>(CrashReport.java:31) ~[main/:?]
	at net.minecraft.CrashReport.preload(CrashReport.java:230) ~[main/:?]
	at net.minecraft.client.main.Main.main(Main.java:149) ~[main/:?]
[28May2025 20:11:42.900] [main/WARN] [net.minecraft.SystemReport/]: Failed retrieving info for group memory
java.lang.AbstractMethodError: Receiver class com.sun.jna.platform.win32.WinNT$OSVERSIONINFOEX does not define or inherit an implementation of the resolved method 'abstract java.util.List getFieldOrder()' of abstract class com.sun.jna.Structure.
	at com.sun.jna.Structure.fieldOrder(Structure.java:952) ~[discord-rpc-1.6.2.jar:?]
	at com.sun.jna.Structure.getFields(Structure.java:1006) ~[discord-rpc-1.6.2.jar:?]
	at com.sun.jna.Structure.deriveLayout(Structure.java:1172) ~[discord-rpc-1.6.2.jar:?]
	at com.sun.jna.Structure.calculateSize(Structure.java:1097) ~[discord-rpc-1.6.2.jar:?]
	at com.sun.jna.Structure.calculateSize(Structure.java:1049) ~[discord-rpc-1.6.2.jar:?]
	at com.sun.jna.Structure.allocateMemory(Structure.java:403) ~[discord-rpc-1.6.2.jar:?]
	at com.sun.jna.Structure.<init>(Structure.java:194) ~[discord-rpc-1.6.2.jar:?]
	at com.sun.jna.Structure.<init>(Structure.java:182) ~[discord-rpc-1.6.2.jar:?]
	at com.sun.jna.Structure.<init>(Structure.java:169) ~[discord-rpc-1.6.2.jar:?]
	at com.sun.jna.Structure.<init>(Structure.java:161) ~[discord-rpc-1.6.2.jar:?]
	at com.sun.jna.platform.win32.WinNT$OSVERSIONINFOEX.<init>(WinNT.java:1980) ~[jna-platform-5.12.1.jar:5.12.1 (b0)]
	at com.sun.jna.platform.win32.VersionHelpers.IsWindowsVersionOrGreater(VersionHelpers.java:59) ~[jna-platform-5.12.1.jar:5.12.1 (b0)]
	at com.sun.jna.platform.win32.VersionHelpers.IsWindows10OrGreater(VersionHelpers.java:194) ~[jna-platform-5.12.1.jar:5.12.1 (b0)]
	at oshi.hardware.platform.windows.WindowsGlobalMemory.<clinit>(WindowsGlobalMemory.java:60) ~[oshi-core-6.2.2.jar:6.2.2]
	at oshi.hardware.platform.windows.WindowsHardwareAbstractionLayer.createMemory(WindowsHardwareAbstractionLayer.java:56) ~[oshi-core-6.2.2.jar:6.2.2]
	at oshi.util.Memoizer$1.get(Memoizer.java:87) ~[oshi-core-6.2.2.jar:6.2.2]
	at oshi.hardware.common.AbstractHardwareAbstractionLayer.getMemory(AbstractHardwareAbstractionLayer.java:80) ~[oshi-core-6.2.2.jar:6.2.2]
	at net.minecraft.SystemReport.lambda$putHardware$6(SystemReport.java:79) ~[main/:?]
	at net.minecraft.SystemReport.ignoreErrors(SystemReport.java:85) ~[main/:?]
	at net.minecraft.SystemReport.putHardware(SystemReport.java:78) ~[main/:?]
	at net.minecraft.SystemReport.lambda$new$2(SystemReport.java:48) ~[main/:?]
	at net.minecraft.SystemReport.ignoreErrors(SystemReport.java:85) ~[main/:?]
	at net.minecraft.SystemReport.<init>(SystemReport.java:47) ~[main/:?]
	at net.minecraft.CrashReport.<init>(CrashReport.java:31) ~[main/:?]
	at net.minecraft.CrashReport.preload(CrashReport.java:230) ~[main/:?]
	at net.minecraft.client.main.Main.main(Main.java:149) ~[main/:?]
[28May2025 20:11:45.806] [Datafixer Bootstrap/INFO] [com.mojang.datafixers.DataFixerBuilder/]: 188 Datafixer optimizations took 142 milliseconds
[28May2025 20:11:47.018] [Render thread/INFO] [net.minecraft.server.LoggedPrintStream/]: [STDERR]: [LWJGL] [ThreadLocalUtil] Unsupported JNI version detected, this may result in a crash. Please inform LWJGL developers.
[28May2025 20:11:47.184] [Render thread/INFO] [com.mojang.authlib.yggdrasil.YggdrasilAuthenticationService/]: Environment: authHost='https://authserver.mojang.com', accountsHost='https://api.mojang.com', sessionHost='https://sessionserver.mojang.com', servicesHost='https://api.minecraftservices.com', name='PROD'
[28May2025 20:11:48.009] [Render thread/INFO] [net.minecraft.client.Minecraft/]: Setting user: GodIsKing_Xx
[28May2025 20:11:48.091] [Render thread/INFO] [net.minecraft.client.Minecraft/]: Backend library: LWJGL version 3.3.1 build 7
[28May2025 20:11:49.735] [Via-Mappingloader-0/INFO] [ViaLoadingBase/]: Loading block connection mappings ...
[28May2025 20:11:49.849] [Via-Mappingloader-0/INFO] [ViaLoadingBase/]: Using FastUtil Long2ObjectOpenHashMap for block connections
[28May2025 20:11:49.983] [Render thread/INFO] [ViaLoadingBase/]: Loaded Platform ViaVersion
[28May2025 20:11:49.992] [Render thread/INFO] [ViaLoadingBase/]: Loading translations...
[28May2025 20:11:50.003] [Render thread/INFO] [ViaLoadingBase/]: Registering protocols...
[28May2025 20:11:50.246] [Render thread/INFO] [ViaLoadingBase/]: Loaded Platform ViaBackwards
[28May2025 20:11:50.253] [Render thread/INFO] [ViaLoadingBase/]: Registering protocols...
[28May2025 20:11:50.268] [Render thread/ERROR] [ViaLoadingBase/]: An error occurred while loading Platform ViaRewind:
[28May2025 20:11:50.268] [Render thread/INFO] [net.minecraft.server.LoggedPrintStream/]: [STDERR]: java.lang.NoSuchMethodError: 'com.viaversion.viaversion.api.minecraft.entities.EntityTypes1_8$ObjectType com.viaversion.viaversion.api.minecraft.entities.EntityTypes1_8$ObjectType.findById(int)'
[28May2025 20:11:50.268] [Render thread/INFO] [net.minecraft.server.LoggedPrintStream/]: [STDERR]: 	at com.viaversion.viarewind.protocol.v1_8to1_7_6_10.rewriter.EntityPacketRewriter1_8$3.register(EntityPacketRewriter1_8.java:145)
[28May2025 20:11:50.269] [Render thread/INFO] [net.minecraft.server.LoggedPrintStream/]: [STDERR]: 	at com.viaversion.viaversion.api.protocol.remapper.PacketHandlers.<init>(PacketHandlers.java:38)
[28May2025 20:11:50.269] [Render thread/INFO] [net.minecraft.server.LoggedPrintStream/]: [STDERR]: 	at com.viaversion.viarewind.protocol.v1_8to1_7_6_10.rewriter.EntityPacketRewriter1_8$3.<init>(EntityPacketRewriter1_8.java:131)
[28May2025 20:11:50.269] [Render thread/INFO] [net.minecraft.server.LoggedPrintStream/]: [STDERR]: 	at com.viaversion.viarewind.protocol.v1_8to1_7_6_10.rewriter.EntityPacketRewriter1_8.registerPackets(EntityPacketRewriter1_8.java:131)
[28May2025 20:11:50.269] [Render thread/INFO] [net.minecraft.server.LoggedPrintStream/]: [STDERR]: 	at com.viaversion.viaversion.api.rewriter.RewriterBase.register(RewriterBase.java:36)
[28May2025 20:11:50.269] [Render thread/INFO] [net.minecraft.server.LoggedPrintStream/]: [STDERR]: 	at com.viaversion.viarewind.protocol.v1_8to1_7_6_10.Protocol1_8To1_7_6_10.registerPackets(Protocol1_8To1_7_6_10.java:62)
[28May2025 20:11:50.269] [Render thread/INFO] [net.minecraft.server.LoggedPrintStream/]: [STDERR]: 	at com.viaversion.viaversion.api.protocol.AbstractProtocol.initialize(AbstractProtocol.java:106)
[28May2025 20:11:50.269] [Render thread/INFO] [net.minecraft.server.LoggedPrintStream/]: [STDERR]: 	at com.viaversion.viaversion.protocol.ProtocolManagerImpl.registerProtocol(ProtocolManagerImpl.java:213)
[28May2025 20:11:50.269] [Render thread/INFO] [net.minecraft.server.LoggedPrintStream/]: [STDERR]: 	at com.viaversion.viaversion.protocol.ProtocolManagerImpl.registerProtocol(ProtocolManagerImpl.java:207)
[28May2025 20:11:50.270] [Render thread/INFO] [net.minecraft.server.LoggedPrintStream/]: [STDERR]: 	at com.viaversion.viarewind.api.ViaRewindPlatform.init(ViaRewindPlatform.java:55)
[28May2025 20:11:50.270] [Render thread/INFO] [net.minecraft.server.LoggedPrintStream/]: [STDERR]: 	at de.florianmichael.vialoadingbase.platform.ViaRewindPlatformImpl.<init>(ViaRewindPlatformImpl.java:32)
[28May2025 20:11:50.270] [Render thread/INFO] [net.minecraft.server.LoggedPrintStream/]: [STDERR]: 	at de.florianmichael.vialoadingbase.ViaLoadingBase.lambda$static$6(ViaLoadingBase.java:52)
[28May2025 20:11:50.270] [Render thread/INFO] [net.minecraft.server.LoggedPrintStream/]: [STDERR]: 	at de.florianmichael.vialoadingbase.model.Platform.build(Platform.java:61)
[28May2025 20:11:50.270] [Render thread/INFO] [net.minecraft.server.LoggedPrintStream/]: [STDERR]: 	at de.florianmichael.vialoadingbase.ViaLoadingBase.lambda$initPlatform$7(ViaLoadingBase.java:120)
[28May2025 20:11:50.270] [Render thread/INFO] [net.minecraft.server.LoggedPrintStream/]: [STDERR]: 	at com.viaversion.viaversion.ViaManagerImpl.init(ViaManagerImpl.java:115)
[28May2025 20:11:50.270] [Render thread/INFO] [net.minecraft.server.LoggedPrintStream/]: [STDERR]: 	at de.florianmichael.vialoadingbase.ViaLoadingBase.initPlatform(ViaLoadingBase.java:123)
[28May2025 20:11:50.270] [Render thread/INFO] [net.minecraft.server.LoggedPrintStream/]: [STDERR]: 	at de.florianmichael.vialoadingbase.ViaLoadingBase.<init>(ViaLoadingBase.java:82)
[28May2025 20:11:50.270] [Render thread/INFO] [net.minecraft.server.LoggedPrintStream/]: [STDERR]: 	at de.florianmichael.vialoadingbase.ViaLoadingBase$ViaLoadingBaseBuilder.build(ViaLoadingBase.java:247)
[28May2025 20:11:50.271] [Render thread/INFO] [net.minecraft.server.LoggedPrintStream/]: [STDERR]: 	at de.florianmichael.viamcp.ViaMCP.<init>(ViaMCP.java:47)
[28May2025 20:11:50.271] [Render thread/INFO] [net.minecraft.server.LoggedPrintStream/]: [STDERR]: 	at de.florianmichael.viamcp.ViaMCP.create(ViaMCP.java:36)
[28May2025 20:11:50.271] [Render thread/INFO] [net.minecraft.server.LoggedPrintStream/]: [STDERR]: 	at us.gyatdevs.GYATClient.start(GYATClient.java:35)
[28May2025 20:11:50.271] [Render thread/INFO] [net.minecraft.server.LoggedPrintStream/]: [STDERR]: 	at net.minecraft.client.Minecraft.<init>(Minecraft.java:528)
[28May2025 20:11:50.271] [Render thread/INFO] [net.minecraft.server.LoggedPrintStream/]: [STDERR]: 	at net.minecraft.client.main.Main.main(Main.java:182)
[28May2025 20:11:50.273] [Render thread/INFO] [ViaLoadingBase/]: ViaVersion detected lowest supported version by the proxy: 1.7.2-1.7.5 (4)
[28May2025 20:11:50.273] [Render thread/INFO] [ViaLoadingBase/]: Highest supported version by the proxy: 1.21.5 (770)
[28May2025 20:11:50.276] [Via Async Scheduler 0/INFO] [ViaLoadingBase/]: Finished mapping loading, shutting down loader executor.
[28May2025 20:11:50.289] [Render thread/INFO] [ViaLoadingBase/]: ViaLoadingBase has loaded 2/3 platforms
[28May2025 20:11:50.290] [Render thread/INFO] [net.minecraft.client.Minecraft/]: GYATClient Initialization...
[28May2025 20:11:50.290] [Render thread/INFO] [net.minecraft.client.Minecraft/]: Registration Commands...
[28May2025 20:11:50.301] [Render thread/INFO] [net.minecraft.client.Minecraft/]: Registration Crash Methods...
[28May2025 20:11:50.309] [Render thread/INFO] [net.minecraft.client.Minecraft/]: Registration Crash Exploits...
[28May2025 20:11:50.318] [Render thread/INFO] [net.minecraft.client.Minecraft/]: Registration Custom Images...
[28May2025 20:11:50.373] [Render thread/INFO] [net.minecraft.client.Minecraft/]: Loading accounts...
[28May2025 20:11:50.491] [Render thread/ERROR] [com.mojang.text2speech.Narrator/]: Error while loading the narrator
java.lang.NoSuchMethodError: 'com.sun.jna.Library com.sun.jna.Native.load(java.lang.String, java.lang.Class, java.util.Map)'
	at com.sun.jna.platform.win32.Ole32.<clinit>(Ole32.java:50) ~[jna-platform-5.12.1.jar:5.12.1 (b0)]
	at com.mojang.text2speech.NarratorWindows.initSAPI(NarratorWindows.java:30) ~[text2speech-1.17.9.jar:?]
	at com.mojang.text2speech.NarratorWindows.<init>(NarratorWindows.java:43) ~[text2speech-1.17.9.jar:?]
	at com.mojang.text2speech.Narrator.getNarrator(Narrator.java:42) ~[text2speech-1.17.9.jar:?]
	at net.minecraft.client.GameNarrator.<init>(GameNarrator.java:21) ~[main/:?]
	at net.minecraft.client.Minecraft.<init>(Minecraft.java:552) ~[main/:?]
	at net.minecraft.client.main.Main.main(Main.java:182) ~[main/:?]
[28May2025 20:11:50.512] [Render thread/INFO] [net.minecraft.server.packs.resources.ReloadableResourceManager/]: Reloading ResourceManager: vanilla
[28May2025 20:11:50.671] [Worker-Main-6/INFO] [net.minecraft.client.gui.font.providers.UnihexProvider/]: Found unifont_all_no_pua-15.0.06.hex, loading
[28May2025 20:11:50.836] [Via Async Task 1/WARN] [ViaLoadingBase/]: There is a newer plugin version available: 5.3.2, you're on: 5.3.0
[28May2025 20:11:51.321] [Realms Notification Availability checker #1/INFO] [com.mojang.realmsclient.client.RealmsClient/]: Could not authorize you against Realms server: Invalid session id
[28May2025 20:11:53.042] [Render thread/WARN] [net.minecraft.client.sounds.SoundEngine/]: Missing sound for event: minecraft:item.goat_horn.play
[28May2025 20:11:53.043] [Render thread/WARN] [net.minecraft.client.sounds.SoundEngine/]: Missing sound for event: minecraft:entity.goat.screaming.horn_break
[28May2025 20:11:53.090] [Render thread/INFO] [com.mojang.blaze3d.audio.Library/]: OpenAL initialized on device OpenAL Soft on Speakers (K66)
[28May2025 20:11:53.092] [Render thread/INFO] [net.minecraft.client.sounds.SoundEngine/SOUNDS]: Sound engine started
[28May2025 20:11:53.328] [Render thread/INFO] [net.minecraft.client.renderer.texture.TextureAtlas/]: Created: 1024x512x0 minecraft:textures/atlas/blocks.png-atlas
[28May2025 20:11:53.337] [Render thread/INFO] [net.minecraft.client.renderer.texture.TextureAtlas/]: Created: 256x256x0 minecraft:textures/atlas/signs.png-atlas
[28May2025 20:11:53.338] [Render thread/INFO] [net.minecraft.client.renderer.texture.TextureAtlas/]: Created: 512x512x0 minecraft:textures/atlas/banner_patterns.png-atlas
[28May2025 20:11:53.338] [Render thread/INFO] [net.minecraft.client.renderer.texture.TextureAtlas/]: Created: 512x512x0 minecraft:textures/atlas/shield_patterns.png-atlas
[28May2025 20:11:53.339] [Render thread/INFO] [net.minecraft.client.renderer.texture.TextureAtlas/]: Created: 1024x1024x0 minecraft:textures/atlas/armor_trims.png-atlas
[28May2025 20:11:53.343] [Render thread/INFO] [net.minecraft.client.renderer.texture.TextureAtlas/]: Created: 256x256x0 minecraft:textures/atlas/chest.png-atlas
[28May2025 20:11:53.345] [Render thread/INFO] [net.minecraft.client.renderer.texture.TextureAtlas/]: Created: 128x64x0 minecraft:textures/atlas/decorated_pot.png-atlas
[28May2025 20:11:53.346] [Render thread/INFO] [net.minecraft.client.renderer.texture.TextureAtlas/]: Created: 512x256x0 minecraft:textures/atlas/beds.png-atlas
[28May2025 20:11:53.346] [Render thread/INFO] [net.minecraft.client.renderer.texture.TextureAtlas/]: Created: 512x256x0 minecraft:textures/atlas/shulker_boxes.png-atlas
[28May2025 20:11:53.769] [Render thread/WARN] [net.minecraft.client.renderer.ShaderInstance/]: Shader rendertype_entity_translucent_emissive could not find sampler named Sampler2 in the specified shader program.
[28May2025 20:11:53.842] [Render thread/INFO] [net.minecraft.client.renderer.texture.TextureAtlas/]: Created: 256x256x0 minecraft:textures/atlas/particles.png-atlas
[28May2025 20:11:53.844] [Render thread/INFO] [net.minecraft.client.renderer.texture.TextureAtlas/]: Created: 256x256x0 minecraft:textures/atlas/paintings.png-atlas
[28May2025 20:11:53.845] [Render thread/INFO] [net.minecraft.client.renderer.texture.TextureAtlas/]: Created: 128x128x0 minecraft:textures/atlas/mob_effects.png-atlas
